Build started 29/11/2014 12:02:44 PM.
     1>Project "C:\Users\Rhea\Documents\3980Protocol\COMP3980_A4.vcxproj" on node 2 (Build target(s)).
     1>ClCompile:
         C:\Program Files (x86)\Microsoft Visual Studio 11.0\VC\bin\CL.exe /c /ZI /nologo /W3 /WX- /Od /Oy- /D _MBCS /Gm /EHsc /RTC1 /MDd /GS /fp:precise /Zc:wchar_t /Zc:forScope /Fo"Debug\\" /Fd"Debug\vc110.pdb" /Gd /TP /analyze- /errorReport:prompt Application.cpp
         Application.cpp
     1>c:\users\rhea\documents\3980protocol\crc.h(22): warning C4005: 'TRUE' : macro redefinition
                 c:\program files (x86)\windows kits\8.0\include\shared\minwindef.h(75) : see previous definition of 'TRUE'
     1>c:\users\rhea\documents\3980protocol\application.cpp(116): warning C4101: 'hMenu' : unreferenced local variable
     1>c:\users\rhea\documents\3980protocol\application.cpp(329): warning C4101: 'i' : unreferenced local variable
       Link:
         C:\Program Files (x86)\Microsoft Visual Studio 11.0\VC\bin\link.exe /ERRORREPORT:PROMPT /OUT:"C:\Users\Rhea\Documents\3980Protocol\Debug\COMP3980_A4.exe" /INCREMENTAL /NOLOGO kernel32.lib user32.lib gdi32.lib winspool.lib comdlg32.lib advapi32.lib shell32.lib ole32.lib oleaut32.lib uuid.lib odbc32.lib odbccp32.lib /MANIFEST /MANIFESTUAC:"level='asInvoker' uiAccess='false'" /manifest:embed /DEBUG /PDB:"C:\Users\Rhea\Documents\3980Protocol\Debug\COMP3980_A4.pdb" /TLBID:1 /DYNAMICBASE /NXCOMPAT /IMPLIB:"C:\Users\Rhea\Documents\3980Protocol\Debug\COMP3980_A4.lib" /MACHINE:X86 Debug\Menu.res
         Debug\Application.obj
         Debug\crc.obj
         Debug\Physical.obj
         Debug\Session.obj
         Debug\usingStats.obj
         COMP3980_A4.vcxproj -> C:\Users\Rhea\Documents\3980Protocol\Debug\COMP3980_A4.exe
     1>Done Building Project "C:\Users\Rhea\Documents\3980Protocol\COMP3980_A4.vcxproj" (Build target(s)).

Build succeeded.

Time Elapsed 00:00:01.49
